<?xml version="1.0" encoding="UTF-8"?>
<!-- Generated by org.testng.reporters.JUnitXMLReporter -->
<testsuite ignored="1" hostname="DESKTOP-PTBT4NO" failures="0" tests="1" name="Default test" time="6.05" errors="0" timestamp="2022-04-13T15:15:50 IST">
  <testcase classname="testsclasses.OnlinePlanVerificationTest" name="buyonlinePlan" time="5.929"/>
  <testcase classname="testsclasses.OnlinePlanVerificationTest" name="verifyUrl" time="0.0">
    <ignored/>
  </testcase> <!-- verifyUrl -->
</testsuite> <!-- Default test -->
