<?xml version="1.0" encoding="UTF-8"?>
<!-- Generated by org.testng.reporters.JUnitXMLReporter -->
<testsuite ignored="5" hostname="DESKTOP-28NIEE6" failures="0" tests="6" name="Test" time="163.109" errors="0" timestamp="2022-08-11T10:38:55 IST">
  <testcase classname="testsclasses.TC_01_HomeTest" name="RunTC_01_HomeTest" time="25.421"/>
  <testcase classname="testsclasses.TC_02_SearchTest" name="RunTC_02_SearchTest" time="24.036"/>
  <testcase classname="testsclasses.TC_03_CartTest" name="RunTC_03_CartTest" time="22.255"/>
  <testcase classname="testsclasses.TC_031_Dilevery_Test" name="RunTC_031_Dilevery_Test" time="23.686"/>
  <testcase classname="testsclasses.TC_04_AddressTest" name="RunTC_04_AddressTest" time="17.159"/>
  <testcase classname="testsclasses.TC_05_PaymentTest" name="RunTC_05_PaymentTest" time="49.567"/>
  <testcase classname="testsclasses.BaseTest" name="@BeforeSuite intiDriver" time="0.0">
    <ignored/>
  </testcase> <!-- @BeforeSuite intiDriver -->
  <testcase classname="testsclasses.BaseTest" name="@BeforeSuite intiDriver" time="0.0">
    <ignored/>
  </testcase> <!-- @BeforeSuite intiDriver -->
  <testcase classname="testsclasses.BaseTest" name="@BeforeSuite intiDriver" time="0.0">
    <ignored/>
  </testcase> <!-- @BeforeSuite intiDriver -->
  <testcase classname="testsclasses.BaseTest" name="@BeforeSuite intiDriver" time="0.0">
    <ignored/>
  </testcase> <!-- @BeforeSuite intiDriver -->
  <testcase classname="testsclasses.BaseTest" name="@BeforeSuite intiDriver" time="0.0">
    <ignored/>
  </testcase> <!-- @BeforeSuite intiDriver -->
</testsuite> <!-- Test -->
