<?xml version="1.0" encoding="UTF-8"?>
<testng-results ignored="0" total="1" passed="1" failed="0" skipped="0">
  <reporter-output>
  </reporter-output>
  <suite started-at="2022-06-20T14:18:19 IST" name="Default suite" finished-at="2022-06-20T14:18:45 IST" duration-ms="25972">
    <groups>
    </groups>
    <test started-at="2022-06-20T14:18:19 IST" name="Default test" finished-at="2022-06-20T14:18:45 IST" duration-ms="25972">
      <class name="testsclasses.RunHometestclass">
        <test-method is-config="true" signature="intiDriver()[pri:0, instance:testsclasses.RunHometestclass@72cde7cc]" started-at="2022-06-20T14:17:39 IST" name="intiDriver" finished-at="2022-06-20T14:18:19 IST" duration-ms="40158" status="PASS">
          <reporter-output>
          </reporter-output>
        </test-method> <!-- intiDriver -->
        <test-method is-config="true" signature="creteobject()[pri:0, instance:testsclasses.RunHometestclass@72cde7cc]" started-at="2022-06-20T14:18:19 IST" name="creteobject" finished-at="2022-06-20T14:18:19 IST" duration-ms="39" status="PASS">
          <reporter-output>
          </reporter-output>
        </test-method> <!-- creteobject -->
        <test-method signature="RunSearchbox()[pri:0, instance:testsclasses.RunHometestclass@72cde7cc]" started-at="2022-06-20T14:18:19 IST" name="RunSearchbox" finished-at="2022-06-20T14:18:45 IST" duration-ms="25856" status="PASS">
          <reporter-output>
          </reporter-output>
        </test-method> <!-- RunSearchbox -->
      </class> <!-- testsclasses.RunHometestclass -->
    </test> <!-- Default test -->
  </suite> <!-- Default suite -->
</testng-results>
